<?xml version="1.0" encoding="UTF-8"?>
<!-- Generated by org.testng.reporters.JUnitReportReporter -->
<testsuite hostname="Bajrang-Singh2896" failures="0" tests="1" name="com.actitime.testscript.CustomerModule" time="0.009" errors="0" timestamp="03 Mar 2023 08:13:08 GMT" skipped="0">
  <testcase classname="com.actitime.testscript.CustomerModule" name="testCustomerModule" time="0.009"/>
</testsuite> <!-- com.actitime.testscript.CustomerModule -->
